build/app/outputs/mapping/release/mapping.txt
# compiler: R8
# compiler_version: 1.5.64
# min_api: 16
# pg_map_id: 67665e8
com.example.turkey_earthquake.MainActivity -> com.example.turkey_earthquake.MainActivity:
    void configureFlutterEngine(io.flutter.embedding.engine.FlutterEngine) -> b
...
com.google.android.gms.measurement.internal.zzap -> com.google.android.gms.measurement.internal.q:
com.google.android.gms.measurement.internal.zzaq -> com.google.android.gms.measurement.internal.r:
    com.google.android.gms.measurement.internal.zzal zzb -> b
    java.lang.String zza -> a
    long zzd -> d
    java.lang.String zzc -> c
com.google.android.gms.measurement.internal.zzar -> com.google.android.gms.measurement.internal.s:
    com.google.android.gms.measurement.internal.zzek zza -> a
    java.lang.Object zza() -> a
com.google.android.gms.measurement.internal.zzas -> com.google.android.gms.measurement.internal.t:
    com.google.android.gms.measurement.internal.zzem zzax -> Y
    com.google.android.gms.measurement.internal.zzem zzby -> z0
    com.google.android.gms.measurement.internal.zzem zzy -> z
    com.google.android.gms.measurement.internal.zzem zzap -> Q
    com.google.android.gms.measurement.internal.zzem zzbq -> r0
    com.google.android.gms.measurement.internal.zzem zzq -> r
    com.google.android.gms.measurement.internal.zzem zzbs -> t0
    com.google.android.gms.measurement.internal.zzem zzat -> U
    com.google.android.gms.measurement.internal.zzem zzbu -> v0
    com.google.android.gms.measurement.internal.zzem zzu -> v
    com.google.android.gms.measurement.internal.zzem zzbw -> x0
    com.google.android.gms.measurement.internal.zzem zzah -> I
    com.google.android.gms.measurement.internal.zzem zzcf -> G0
    com.google.android.gms.measurement.internal.zzem zzi -> j
    com.google.android.gms.measurement.internal.zzem zzcd -> E0
    com.google.android.gms.measurement.internal.zzem zzal -> M
    com.google.android.gms.measurement.internal.zzem zzcb -> C0
    com.google.android.gms.measurement.internal.zzem zzm -> n
    com.google.android.gms.measurement.internal.zzem zzbz -> A0
    com.google.android.gms.measurement.internal.zzem zzz -> A
    com.google.android.gms.measurement.internal.zzem zzcn -> O0
    com.google.android.gms.measurement.internal.zzem zza -> b
com.google.android.gms.measurement.internal.zzat -> com.google.android.gms.measurement.internal.u:
    com.google.android.gms.measurement.internal.zzek zza -> a
    java.lang.Object zza() -> a
com.google.android.gms.measurement.internal.zzau -> com.google.android.gms.measurement.internal.v:
    com.google.android.gms.measurement.internal.zzek zza -> a
    java.lang.Object zza() -> a
com.google.android.gms.measurement.internal.zzav -> com.google.android.gms.measurement.internal.w:
    com.google.android.gms.measurement.internal.zzek zza -> a
    java.lang.Object zza() -> a
com.google.android.gms.measurement.internal.zzaw -> com.google.android.gms.measurement.internal.x:
    com.google.android.gms.measurement.internal.zzek zza -> a
    java.lang.Object zza() -> a
com.google.android.gms.measurement.internal.zzax -> com.google.android.gms.measurement.internal.y:
    com.google.android.gms.measurement.internal.zzek zza -> a
    java.lang.Object zza() -> a
com.google.android.gms.measurement.internal.zzay -> com.google.android.gms.measurement.internal.z:
    com.google.android.gms.measurement.internal.zzek zza -> a
    java.lang.Object zza() -> a
com.google.android.gms.measurement.internal.zzaz -> com.google.android.gms.measurement.internal.a0:
    com.google.android.gms.measurement.internal.zzek zza -> a
    java.lang.Object zza() -> a